<?xml version="1.0" encoding="UTF-8"?>
<testng-results ignored="0" total="1" passed="1" failed="0" skipped="0">
  <reporter-output>
  </reporter-output>
  <suite started-at="2024-09-19T17:20:51 IST" name="Default suite" finished-at="2024-09-19T17:20:54 IST" duration-ms="2715">
    <groups>
    </groups>
    <test started-at="2024-09-19T17:20:51 IST" name="Default test" finished-at="2024-09-19T17:20:54 IST" duration-ms="2715">
      <class name="theD.MiniERP_Edu.loginAndUserRightsTest">
        <test-method is-config="true" signature="verifyLoginPage()[pri:0, instance:theD.MiniERP_Edu.loginAndUserRightsTest@67c27493]" started-at="2024-09-19T17:20:51 IST" name="verifyLoginPage" finished-at="2024-09-19T17:20:53 IST" duration-ms="1752" status="PASS">
          <reporter-output>
          </reporter-output>
        </test-method> <!-- verifyLoginPage -->
        <test-method signature="veryUserRights()[pri:1, instance:theD.MiniERP_Edu.loginAndUserRightsTest@67c27493]" started-at="2024-09-19T17:20:53 IST" name="veryUserRights" finished-at="2024-09-19T17:20:54 IST" duration-ms="934" status="PASS">
          <reporter-output>
          </reporter-output>
        </test-method> <!-- veryUserRights -->
      </class> <!-- theD.MiniERP_Edu.loginAndUserRightsTest -->
    </test> <!-- Default test -->
  </suite> <!-- Default suite -->
</testng-results>
